<?xml version="1.0" encoding="UTF-8"?>
<!-- Generated by org.testng.reporters.JUnitReportReporter -->
<testsuite hostname="WINDOWS-3U6Q86V" failures="0" tests="1" name="testpackage.Avenger" time="0.034" errors="0" timestamp="30 Sep 2022 11:03:31 GMT" skipped="0">
  <testcase classname="testpackage.Avenger" name="test" time="0.034"/>
</testsuite> <!-- testpackage.Avenger -->
